<?xml version="1.0" encoding="UTF-8"?>
<testsuite name="ContaBancariaWebITCase" time="13.457" tests="1" errors="1" skipped="0" failures="0">
  <properties>
[...]
</properties>
  <testcase name="ContaBancariaWebITCase" classname="ContaBancariaWebITCase" time="13.457">
    <error message="Cannot deploy fabriki-exercicios.war: WFLYCTL0063: Composite operation was rolled back" type="org.jboss.arquillian.container.spi.client.container.DeploymentException">org.jboss.arquillian.container.spi.client.container.DeploymentException: Cannot deploy fabriki-exercicios.war: WFLYCTL0063: Composite operation was rolled back
	at org.jboss.as.arquillian.container.ArchiveDeployer.deployInternal(ArchiveDeployer.java:184)
	at org.jboss.as.arquillian.container.ArchiveDeployer.deployInternal(ArchiveDeployer.java:162)
	at org.jboss.as.arquillian.container.ArchiveDeployer.deploy(ArchiveDeployer.java:91)
	at org.jboss.as.arquillian.container.CommonDeployableContainer.deploy(CommonDeployableContainer.java:244)
	at org.jboss.arquillian.container.impl.client.container.ContainerDeployController$3.call(ContainerDeployController.java:151)
	at org.jboss.arquillian.container.impl.client.container.ContainerDeployController$3.call(ContainerDeployController.java:118)
	at org.jboss.arquillian.container.impl.client.container.ContainerDeployController.executeOperation(ContainerDeployController.java:239)
	at org.jboss.arquillian.container.impl.client.container.ContainerDeployController.deploy(ContainerDeployController.java:118)
	at sun.reflect.NativeMethodAccessorImpl.invoke0(Native Method)
	at sun.reflect.NativeMethodAccessorImpl.invoke(NativeMethodAccessorImpl.java:62)
	at sun.reflect.DelegatingMethodAccessorImpl.invoke(DelegatingMethodAccessorImpl.java:43)
	at java.lang.reflect.Method.invoke(Method.java:498)
	at org.jboss.arquillian.core.impl.ObserverImpl.invoke(ObserverImpl.java:86)
	at org.jboss.arquillian.core.impl.EventContextImpl.invokeObservers(EventContextImpl.java:103)
	at org.jboss.arquillian.core.impl.EventContextImpl.proceed(EventContextImpl.java:90)
	at org.jboss.arquillian.container.impl.client.ContainerDeploymentContextHandler.createDeploymentContext(ContainerDeploymentContextHandler.java:71)
	at sun.reflect.NativeMethodAccessorImpl.invoke0(Native Method)
	at sun.reflect.NativeMethodAccessorImpl.invoke(NativeMethodAccessorImpl.java:62)
	at sun.reflect.DelegatingMethodAccessorImpl.invoke(DelegatingMethodAccessorImpl.java:43)
	at java.lang.reflect.Method.invoke(Method.java:498)
	at org.jboss.arquillian.core.impl.ObserverImpl.invoke(ObserverImpl.java:86)
	at org.jboss.arquillian.core.impl.EventContextImpl.proceed(EventContextImpl.java:95)
	at org.jboss.arquillian.container.impl.client.ContainerDeploymentContextHandler.createContainerContext(ContainerDeploymentContextHandler.java:54)
	at sun.reflect.NativeMethodAccessorImpl.invoke0(Native Method)
	at sun.reflect.NativeMethodAccessorImpl.invoke(NativeMethodAccessorImpl.java:62)
	at sun.reflect.DelegatingMethodAccessorImpl.invoke(DelegatingMethodAccessorImpl.java:43)
	at java.lang.reflect.Method.invoke(Method.java:498)
	at org.jboss.arquillian.core.impl.ObserverImpl.invoke(ObserverImpl.java:86)
	at org.jboss.arquillian.core.impl.EventContextImpl.proceed(EventContextImpl.java:95)
	at org.jboss.arquillian.container.impl.client.container.DeploymentExceptionHandler.verifyExpectedExceptionDuringDeploy(DeploymentExceptionHandler.java:47)
	at sun.reflect.NativeMethodAccessorImpl.invoke0(Native Method)
	at sun.reflect.NativeMethodAccessorImpl.invoke(NativeMethodAccessorImpl.java:62)
	at sun.reflect.DelegatingMethodAccessorImpl.invoke(DelegatingMethodAccessorImpl.java:43)
	at java.lang.reflect.Method.invoke(Method.java:498)
	at org.jboss.arquillian.core.impl.ObserverImpl.invoke(ObserverImpl.java:86)
	at org.jboss.arquillian.core.impl.EventContextImpl.proceed(EventContextImpl.java:95)
	at org.jboss.arquillian.core.impl.ManagerImpl.fire(ManagerImpl.java:133)
	at org.jboss.arquillian.core.impl.ManagerImpl.fire(ManagerImpl.java:105)
	at org.jboss.arquillian.core.impl.EventImpl.fire(EventImpl.java:62)
	at org.jboss.arquillian.container.impl.client.container.ContainerDeployController$1.perform(ContainerDeployController.java:92)
	at org.jboss.arquillian.container.impl.client.container.ContainerDeployController$1.perform(ContainerDeployController.java:77)
	at org.jboss.arquillian.container.impl.client.container.ContainerDeployController.forEachDeployment(ContainerDeployController.java:232)
	at org.jboss.arquillian.container.impl.client.container.ContainerDeployController.forEachManagedDeployment(ContainerDeployController.java:212)
	at org.jboss.arquillian.container.impl.client.container.ContainerDeployController.deployManaged(ContainerDeployController.java:77)
	at sun.reflect.NativeMethodAccessorImpl.invoke0(Native Method)
	at sun.reflect.NativeMethodAccessorImpl.invoke(NativeMethodAccessorImpl.java:62)
	at sun.reflect.DelegatingMethodAccessorImpl.invoke(DelegatingMethodAccessorImpl.java:43)
	at java.lang.reflect.Method.invoke(Method.java:498)
	at org.jboss.arquillian.core.impl.ObserverImpl.invoke(ObserverImpl.java:86)
	at org.jboss.arquillian.core.impl.EventContextImpl.invokeObservers(EventContextImpl.java:103)
	at org.jboss.arquillian.core.impl.EventContextImpl.proceed(EventContextImpl.java:90)
	at org.jboss.arquillian.core.impl.ManagerImpl.fire(ManagerImpl.java:133)
	at org.jboss.arquillian.core.impl.ManagerImpl.fire(ManagerImpl.java:105)
	at org.jboss.arquillian.core.impl.EventImpl.fire(EventImpl.java:62)
	at org.jboss.arquillian.container.test.impl.client.ContainerEventController.execute(ContainerEventController.java:96)
	at sun.reflect.NativeMethodAccessorImpl.invoke0(Native Method)
	at sun.reflect.NativeMethodAccessorImpl.invoke(NativeMethodAccessorImpl.java:62)
	at sun.reflect.DelegatingMethodAccessorImpl.invoke(DelegatingMethodAccessorImpl.java:43)
	at java.lang.reflect.Method.invoke(Method.java:498)
	at org.jboss.arquillian.core.impl.ObserverImpl.invoke(ObserverImpl.java:86)
	at org.jboss.arquillian.core.impl.EventContextImpl.invokeObservers(EventContextImpl.java:103)
	at org.jboss.arquillian.core.impl.EventContextImpl.proceed(EventContextImpl.java:90)
	at org.jboss.arquillian.test.impl.TestContextHandler.createClassContext(TestContextHandler.java:83)
	at sun.reflect.NativeMethodAccessorImpl.invoke0(Native Method)
	at sun.reflect.NativeMethodAccessorImpl.invoke(NativeMethodAccessorImpl.java:62)
	at sun.reflect.DelegatingMethodAccessorImpl.invoke(DelegatingMethodAccessorImpl.java:43)
	at java.lang.reflect.Method.invoke(Method.java:498)
	at org.jboss.arquillian.core.impl.ObserverImpl.invoke(ObserverImpl.java:86)
	at org.jboss.arquillian.core.impl.EventContextImpl.proceed(EventContextImpl.java:95)
	at org.jboss.arquillian.test.impl.TestContextHandler.createSuiteContext(TestContextHandler.java:69)
	at sun.reflect.NativeMethodAccessorImpl.invoke0(Native Method)
	at sun.reflect.NativeMethodAccessorImpl.invoke(NativeMethodAccessorImpl.java:62)
	at sun.reflect.DelegatingMethodAccessorImpl.invoke(DelegatingMethodAccessorImpl.java:43)
	at java.lang.reflect.Method.invoke(Method.java:498)
	at org.jboss.arquillian.core.impl.ObserverImpl.invoke(ObserverImpl.java:86)
	at org.jboss.arquillian.core.impl.EventContextImpl.proceed(EventContextImpl.java:95)
	at org.jboss.arquillian.core.impl.ManagerImpl.fire(ManagerImpl.java:133)
	at org.jboss.arquillian.core.impl.ManagerImpl.fire(ManagerImpl.java:105)
	at org.jboss.arquillian.test.impl.EventTestRunnerAdaptor.beforeClass(EventTestRunnerAdaptor.java:89)
	at org.jboss.arquillian.junit.Arquillian$2.evaluate(Arquillian.java:163)
	at org.jboss.arquillian.junit.Arquillian.multiExecute(Arquillian.java:350)
	at org.jboss.arquillian.junit.Arquillian.access$200(Arquillian.java:54)
	at org.jboss.arquillian.junit.Arquillian$3.evaluate(Arquillian.java:177)
	at org.junit.runners.ParentRunner.run(ParentRunner.java:363)
	at org.jboss.arquillian.junit.Arquillian.run(Arquillian.java:115)
	at org.apache.maven.surefire.junit4.JUnit4Provider.execute(JUnit4Provider.java:283)
	at org.apache.maven.surefire.junit4.JUnit4Provider.executeWithRerun(JUnit4Provider.java:173)
	at org.apache.maven.surefire.junit4.JUnit4Provider.executeTestSet(JUnit4Provider.java:153)
	at org.apache.maven.surefire.junit4.JUnit4Provider.invoke(JUnit4Provider.java:128)
	at org.apache.maven.surefire.booter.ForkedBooter.invokeProviderInSameClassLoader(ForkedBooter.java:203)
	at org.apache.maven.surefire.booter.ForkedBooter.runSuitesInProcess(ForkedBooter.java:155)
	at org.apache.maven.surefire.booter.ForkedBooter.main(ForkedBooter.java:103)
</error>
    <system-out><![CDATA[&amp#27;[0m23:45:02,612 INFO  [org.jboss.modules] (main) JBoss Modules version 1.6.0.Final
&amp#27;[0m&amp#27;[0m23:45:02,839 INFO  [org.jboss.msc] (main) JBoss MSC version 1.2.7.SP1
&amp#27;[0m&amp#27;[0m23:45:02,949 INFO  [org.jboss.as] (MSC service thread 1-8) WFLYSRV0049: WildFly Full 11.0.0.CR1 (WildFly Core 3.0.1.Final) starting
&amp#27;[0m&amp#27;[0m23:45:04,010 INFO  [org.jboss.as.controller.management-deprecated] (Controller Boot Thread) WFLYCTL0028: Attribute 'security-realm' in the resource at address '/core-service=management/management-interface=http-interface' is deprecated, and may be removed in future version. See the attribute description in the output of the read-resource-description operation to learn more about the deprecation.
&amp#27;[0m&amp#27;[0m23:45:04,035 INFO  [org.wildfly.security] (ServerService Thread Pool -- 19) ELY00001: WildFly Elytron version 1.1.1.Final
&amp#27;[0m&amp#27;[0m23:45:04,076 INFO  [org.jboss.as.controller.management-deprecated] (ServerService Thread Pool -- 29) WFLYCTL0028: Attribute 'security-realm' in the resource at address '/subsystem=undertow/server=default-server/https-listener=https' is deprecated, and may be removed in future version. See the attribute description in the output of the read-resource-description operation to learn more about the deprecation.
&amp#27;[0m&amp#27;[0m23:45:04,095 INFO  [org.jboss.as.server] (Controller Boot Thread) WFLYSRV0039: Creating http management service using socket-binding (management-http)
&amp#27;[0m&amp#27;[0m23:45:04,106 INFO  [org.xnio] (MSC service thread 1-1) XNIO version 3.5.1.Final
&amp#27;[0m&amp#27;[0m23:45:04,112 INFO  [org.xnio.nio] (MSC service thread 1-1) XNIO NIO Implementation Version 3.5.1.Final
&amp#27;[0m&amp#27;[0m23:45:04,136 INFO  [org.jboss.remoting] (MSC service thread 1-5) JBoss Remoting version 5.0.0.Final
&amp#27;[0m&amp#27;[0m23:45:04,150 INFO  [org.jboss.as.connector.subsystems.datasources] (ServerService Thread Pool -- 36) WFLYJCA0004: Deploying JDBC-compliant driver class org.h2.Driver (version 1.4)
&amp#27;[0m&amp#27;[0m23:45:04,160 INFO  [org.wildfly.extension.io] (ServerService Thread Pool -- 41) WFLYIO001: Worker 'default' has auto-configured to 8 core threads with 64 task threads based on your 4 available processors
&amp#27;[0m&amp#27;[0m23:45:04,172 INFO  [org.jboss.as.clustering.infinispan] (ServerService Thread Pool -- 42) WFLYCLINF0001: Activating Infinispan subsystem.
&amp#27;[0m&amp#27;[0m23:45:04,177 INFO  [org.jboss.as.jaxrs] (ServerService Thread Pool -- 43) WFLYRS0016: RESTEasy version 3.0.24.Final
&amp#27;[0m&amp#27;[0m23:45:04,190 INFO  [org.jboss.as.naming] (ServerService Thread Pool -- 50) WFLYNAM0001: Activating Naming Subsystem
&amp#27;[0m&amp#27;[0m23:45:04,188 INFO  [org.jboss.as.jsf] (ServerService Thread Pool -- 48) WFLYJSF0007: Activated the following JSF Implementations: [main]
&amp#27;[0m&amp#27;[33m23:45:04,194 WARN  [org.jboss.as.txn] (ServerService Thread Pool -- 58) WFLYTX0013: The node-identifier attribute on the /subsystem=transactions is set to the default value. This is a danger for environments running multiple servers. Please make sure the attribute value is unique.
&amp#27;[0m&amp#27;[0m23:45:04,223 INFO  [org.jboss.as.security] (ServerService Thread Pool -- 57) WFLYSEC0002: Activating Security Subsystem
&amp#27;[0m&amp#27;[0m23:45:04,226 INFO  [org.jboss.as.security] (MSC service thread 1-2) WFLYSEC0001: Current PicketBox version=5.0.2.Final
&amp#27;[0m&amp#27;[0m23:45:04,232 INFO  [org.jboss.as.connector] (MSC service thread 1-6) WFLYJCA0009: Starting JCA Subsystem (WildFly/IronJacamar 1.4.6.Final)
&amp#27;[0m&amp#27;[0m23:45:04,234 INFO  [org.jboss.as.webservices] (ServerService Thread Pool -- 60) WFLYWS0002: Activating WebServices Extension
&amp#27;[0m&amp#27;[0m23:45:04,238 INFO  [org.wildfly.extension.undertow] (MSC service thread 1-3) WFLYUT0003: Undertow 1.4.18.Final starting
&amp#27;[0m&amp#27;[0m23:45:04,250 INFO  [org.jboss.as.connector.deployers.jdbc] (MSC service thread 1-3) WFLYJCA0018: Started Driver service with driver-name = h2
&amp#27;[0m&amp#27;[0m23:45:04,255 INFO  [org.jboss.as.naming] (MSC service thread 1-7) WFLYNAM0003: Starting Naming Service
&amp#27;[0m&amp#27;[0m23:45:04,255 INFO  [org.jboss.as.mail.extension] (MSC service thread 1-7) WFLYMAIL0001: Bound mail session [java:jboss/mail/Default]
&amp#27;[0m&amp#27;[0m23:45:04,377 INFO  [org.jboss.as.ejb3] (MSC service thread 1-4) WFLYEJB0481: Strict pool slsb-strict-max-pool is using a max instance size of 64 (per class), which is derived from thread worker pool sizing.
&amp#27;[0m&amp#27;[0m23:45:04,379 INFO  [org.jboss.as.ejb3] (MSC service thread 1-6) WFLYEJB0482: Strict pool mdb-strict-max-pool is using a max instance size of 16 (per class), which is derived from the number of CPUs on this host.
&amp#27;[0m&amp#27;[0m23:45:04,430 INFO  [org.wildfly.extension.undertow] (ServerService Thread Pool -- 59) WFLYUT0014: Creating file handler for path '/home/lucas/eclipse-workspace/ContaBancariaWeb/target/wildfly-11.0.0.CR1/welcome-content' with options [directory-listing: 'false', follow-symlink: 'false', case-sensitive: 'true', safe-symlink-paths: '[]']
&amp#27;[0m&amp#27;[0m23:45:04,441 INFO  [org.wildfly.extension.undertow] (MSC service thread 1-8) WFLYUT0012: Started server default-server.
&amp#27;[0m&amp#27;[0m23:45:04,447 INFO  [org.wildfly.extension.undertow] (MSC service thread 1-8) WFLYUT0018: Host default-host starting
&amp#27;[0m&amp#27;[31m23:45:04,520 ERROR [org.jboss.msc.service.fail] (MSC service thread 1-6) MSC000001: Failed to start service org.wildfly.undertow.listener.default: org.jboss.msc.service.StartException in service org.wildfly.undertow.listener.default: Endereço já em uso /127.0.0.1:8080
	at org.wildfly.extension.undertow.ListenerService.start(ListenerService.java:179)
	at org.jboss.msc.service.ServiceControllerImpl$StartTask.startService(ServiceControllerImpl.java:2032)
	at org.jboss.msc.service.ServiceControllerImpl$StartTask.run(ServiceControllerImpl.java:1955)
	at java.util.concurrent.ThreadPoolExecutor.runWorker(ThreadPoolExecutor.java:1149)
	at java.util.concurrent.ThreadPoolExecutor$Worker.run(ThreadPoolExecutor.java:624)
	at java.lang.Thread.run(Thread.java:748)

&amp#27;[0m&amp#27;[0m23:45:04,582 INFO  [org.jboss.as.ejb3] (MSC service thread 1-7) WFLYEJB0493: EJB subsystem suspension complete
&amp#27;[0m&amp#27;[0m23:45:04,650 INFO  [org.jboss.as.patching] (MSC service thread 1-1) WFLYPAT0050: WildFly Full cumulative patch ID is: base, one-off patches include: none
&amp#27;[0m&amp#27;[0m23:45:04,670 INFO  [org.jboss.as.connector.subsystems.datasources] (MSC service thread 1-8) WFLYJCA0001: Bound data source [java:jboss/datasources/ExampleDS]
&amp#27;[0m&amp#27;[33m23:45:04,676 WARN  [org.jboss.as.domain.management.security] (MSC service thread 1-4) WFLYDM0111: Keystore /home/lucas/eclipse-workspace/ContaBancariaWeb/target/wildfly-11.0.0.CR1/standalone/configuration/application.keystore not found, it will be auto generated on first use with a self signed certificate for host localhost
&amp#27;[0m&amp#27;[0m23:45:04,703 INFO  [org.jboss.as.server.deployment.scanner] (MSC service thread 1-6) WFLYDS0013: Started FileSystemDeploymentService for directory /home/lucas/eclipse-workspace/ContaBancariaWeb/target/wildfly-11.0.0.CR1/standalone/deployments
&amp#27;[0m&amp#27;[0m23:45:04,749 INFO  [org.wildfly.extension.undertow] (MSC service thread 1-1) WFLYUT0006: Undertow HTTPS listener https listening on 127.0.0.1:8443
&amp#27;[0m&amp#27;[31m23:45:04,757 ERROR [org.jboss.as.controller.management-operation] (Controller Boot Thread) WFLYCTL0013: Operation ("add") failed - address: ([
    ("subsystem" => "undertow"),
    ("server" => "default-server"),
    ("http-listener" => "default")
]) - failure description: {"WFLYCTL0080: Failed services" => {"org.wildfly.undertow.listener.default" => "Endereço já em uso /127.0.0.1:8080"}}
&amp#27;[0m&amp#27;[0m23:45:04,764 INFO  [org.jboss.as.controller] (Controller Boot Thread) WFLYCTL0183: Service status report
WFLYCTL0186:   Services which failed to start:      service org.wildfly.undertow.listener.default: Endereço já em uso /127.0.0.1:8080

&amp#27;[0m&amp#27;[0m23:45:04,798 INFO  [org.jboss.as.server] (Controller Boot Thread) WFLYSRV0212: Resuming server
&amp#27;[0m&amp#27;[0m23:45:04,800 INFO  [org.jboss.as] (Controller Boot Thread) WFLYSRV0060: Http management interface listening on http://127.0.0.1:9990/management
&amp#27;[0m&amp#27;[0m23:45:04,801 INFO  [org.jboss.as] (Controller Boot Thread) WFLYSRV0051: Admin console listening on http://127.0.0.1:9990
&amp#27;[0m&amp#27;[31m23:45:04,801 ERROR [org.jboss.as] (Controller Boot Thread) WFLYSRV0026: WildFly Full 11.0.0.CR1 (WildFly Core 3.0.1.Final) started (with errors) in 2544ms - Started 287 of 553 services (2 services failed or missing dependencies, 347 services are lazy, passive or on-demand)
&amp#27;[0m&amp#27;[0m23:45:10,932 INFO  [org.jboss.as.repository] (management-handler-thread - 4) WFLYDR0001: Content added at location /home/lucas/eclipse-workspace/ContaBancariaWeb/target/wildfly-11.0.0.CR1/standalone/data/content/1d/8d0da2d1f01642898f14dd02b3117295afcf65/content
&amp#27;[0m&amp#27;[0m23:45:10,953 INFO  [org.jboss.as.server.deployment] (MSC service thread 1-4) WFLYSRV0027: Starting deployment of "fabriki-exercicios.war" (runtime-name: "fabriki-exercicios.war")
&amp#27;[0m&amp#27;[33m23:45:14,615 WARN  [org.jboss.as.server.deployment] (MSC service thread 1-4) WFLYSRV0059: Class Path entry xercesImpl.jar in /content/fabriki-exercicios.war/WEB-INF/lib/xalan-2.7.2.jar  does not point to a valid jar for a Class-Path reference.
&amp#27;[0m&amp#27;[33m23:45:14,615 WARN  [org.jboss.as.server.deployment] (MSC service thread 1-4) WFLYSRV0059: Class Path entry xml-apis.jar in /content/fabriki-exercicios.war/WEB-INF/lib/xalan-2.7.2.jar  does not point to a valid jar for a Class-Path reference.
&amp#27;[0m&amp#27;[33m23:45:14,615 WARN  [org.jboss.as.server.deployment] (MSC service thread 1-4) WFLYSRV0059: Class Path entry serializer.jar in /content/fabriki-exercicios.war/WEB-INF/lib/xalan-2.7.2.jar  does not point to a valid jar for a Class-Path reference.
&amp#27;[0m&amp#27;[33m23:45:14,623 WARN  [org.jboss.as.server.deployment] (MSC service thread 1-4) WFLYSRV0059: Class Path entry xml-apis.jar in /content/fabriki-exercicios.war/WEB-INF/lib/serializer-2.7.2.jar  does not point to a valid jar for a Class-Path reference.
&amp#27;[0m&amp#27;[31m23:45:14,638 ERROR [org.jboss.as.server] (management-handler-thread - 4) WFLYSRV0021: Deploy of deployment "fabriki-exercicios.war" was rolled back with the following failure message: undefined
&amp#27;[0m&amp#27;[0m23:45:15,217 INFO  [org.jboss.as.server.deployment] (MSC service thread 1-7) WFLYSRV0028: Stopped deployment fabriki-exercicios.war (runtime-name: fabriki-exercicios.war) in 578ms
&amp#27;[0m&amp#27;[0m23:45:15,219 INFO  [org.jboss.as.controller] (management-handler-thread - 4) WFLYCTL0183: Service status report
WFLYCTL0186:   Services which failed to start:      service org.wildfly.undertow.listener.default: Endereço já em uso /127.0.0.1:8080

&amp#27;[0m]]></system-out>
  </testcase>
</testsuite>